#! /usr/local/bin/vvp
:ivl_version "12.0 (stable)";
:ivl_delay_selection "TYPICAL";
:vpi_time_precision + 0;
:vpi_module "/usr/local/lib/ivl/system.vpi";
:vpi_module "/usr/local/lib/ivl/vhdl_sys.vpi";
:vpi_module "/usr/local/lib/ivl/vhdl_textio.vpi";
:vpi_module "/usr/local/lib/ivl/v2005_math.vpi";
:vpi_module "/usr/local/lib/ivl/va_math.vpi";
:vpi_module "/usr/local/lib/ivl/v2009.vpi";
S_0x1902f980 .scope package, "$unit" "$unit" 2 1;
 .timescale 0 0;
S_0x1901d580 .scope module, "tb_xnor_gate" "tb_xnor_gate" 3 1;
 .timescale 0 0;
v0x19054b80_0 .var "a", 0 0;
v0x19054c50_0 .var "b", 0 0;
v0x19054d20_0 .net "y", 0 0, L_0x19054f60;  1 drivers
S_0x1901d710 .scope module, "uut" "xnor_gate" 3 6, 4 1 0, S_0x1901d580;
 .timescale 0 0;
    .port_info 0 /INPUT 1 "a";
    .port_info 1 /INPUT 1 "b";
    .port_info 2 /OUTPUT 1 "y";
L_0x19054e20 .functor XOR 1, v0x19054b80_0, v0x19054c50_0, C4<0>, C4<0>;
L_0x19054f60 .functor NOT 1, L_0x19054e20, C4<0>, C4<0>, C4<0>;
v0x190421b0_0 .net *"_ivl_0", 0 0, L_0x19054e20;  1 drivers
v0x190548b0_0 .net "a", 0 0, v0x19054b80_0;  1 drivers
v0x19054970_0 .net "b", 0 0, v0x19054c50_0;  1 drivers
v0x19054a40_0 .net "y", 0 0, L_0x19054f60;  alias, 1 drivers
    .scope S_0x1901d580;
T_0 ;
    %vpi_call/w 3 13 "$dumpfile", "xnor_gate.vcd" {0 0 0};
    %vpi_call/w 3 14 "$dumpvars" {0 0 0};
    %vpi_call/w 3 15 "$display", "A B | Y" {0 0 0};
    %vpi_call/w 3 16 "$display", "---------" {0 0 0};
    %pushi/vec4 0, 0, 1;
    %store/vec4 v0x19054b80_0, 0, 1;
    %pushi/vec4 0, 0, 1;
    %store/vec4 v0x19054c50_0, 0, 1;
    %delay 10, 0;
    %vpi_call/w 3 18 "$display", "%b %b | %b", v0x19054b80_0, v0x19054c50_0, v0x19054d20_0 {0 0 0};
    %pushi/vec4 0, 0, 1;
    %store/vec4 v0x19054b80_0, 0, 1;
    %pushi/vec4 1, 0, 1;
    %store/vec4 v0x19054c50_0, 0, 1;
    %delay 10, 0;
    %vpi_call/w 3 19 "$display", "%b %b | %b", v0x19054b80_0, v0x19054c50_0, v0x19054d20_0 {0 0 0};
    %pushi/vec4 1, 0, 1;
    %store/vec4 v0x19054b80_0, 0, 1;
    %pushi/vec4 0, 0, 1;
    %store/vec4 v0x19054c50_0, 0, 1;
    %delay 10, 0;
    %vpi_call/w 3 20 "$display", "%b %b | %b", v0x19054b80_0, v0x19054c50_0, v0x19054d20_0 {0 0 0};
    %pushi/vec4 1, 0, 1;
    %store/vec4 v0x19054b80_0, 0, 1;
    %pushi/vec4 1, 0, 1;
    %store/vec4 v0x19054c50_0, 0, 1;
    %delay 10, 0;
    %vpi_call/w 3 21 "$display", "%b %b | %b", v0x19054b80_0, v0x19054c50_0, v0x19054d20_0 {0 0 0};
    %vpi_call/w 3 23 "$finish" {0 0 0};
    %end;
    .thread T_0;
# The file index is used to find the file name in the following table.
:file_names 5;
    "N/A";
    "<interactive>";
    "-";
    "testbench.sv";
    "design.sv";
